<?xml version="1.0" encoding="UTF-8"?>
<!-- Generated by org.testng.reporters.JUnitXMLReporter -->
<testsuite ignored="1" hostname="DESKTOP-MSDE6HG" failures="1" tests="2" name="Test" time="11.956" errors="0" timestamp="2024-12-01T18:24:32 IST">
  <testcase classname="testPackage.FbLoginTest" name="testLogin" time="0.046">
    <failure type="java.lang.NullPointerException" message="Cannot invoke &amp;quot;org.openqa.selenium.WebDriver.findElement(org.openqa.selenium.By)&amp;quot; because &amp;quot;this.driver&amp;quot; is null">
      <![CDATA[java.lang.NullPointerException: Cannot invoke "org.openqa.selenium.WebDriver.findElement(org.openqa.selenium.By)" because "this.driver" is null
at pagePackage.FbLoginPage.setValues(FbLoginPage.java:25)
at testPackage.FbLoginTest.testLogin(FbLoginTest.java:19)
at java.base/java.util.ArrayList.forEach(ArrayList.java:1596)
... Removed 25 stack frames]]>
    </failure>
  </testcase> <!-- testLogin -->
  <testcase classname="testPackage.FbCreateTest" name="createPageFb" time="4.405"/>
  <testcase classname="testPackage.BaseClassFb" name="@BeforeTest setUp" time="0.0">
    <ignored/>
  </testcase> <!-- @BeforeTest setUp -->
</testsuite> <!-- Test -->
