<?xml version="1.0" encoding="UTF-8"?>
<testng-results ignored="0" total="1" passed="1" failed="0" skipped="0">
  <reporter-output>
  </reporter-output>
  <suite started-at="2024-12-12T16:01:36 IST" name="Default suite" finished-at="2024-12-12T16:01:44 IST" duration-ms="7410">
    <groups>
    </groups>
    <test started-at="2024-12-12T16:01:36 IST" name="Default test" finished-at="2024-12-12T16:01:44 IST" duration-ms="7410">
      <class name="TestNGpackage.SoftAssertion">
        <test-method is-config="true" signature="setUp()[pri:0, instance:TestNGpackage.SoftAssertion@26d9b808]" started-at="2024-12-12T16:01:36 IST" name="setUp" finished-at="2024-12-12T16:01:44 IST" duration-ms="7323" status="PASS">
          <reporter-output>
          </reporter-output>
        </test-method> <!-- setUp -->
        <test-method signature="titleVerifiction()[pri:0, instance:TestNGpackage.SoftAssertion@26d9b808]" started-at="2024-12-12T16:01:44 IST" name="titleVerifiction" finished-at="2024-12-12T16:01:44 IST" duration-ms="26" status="PASS">
          <reporter-output>
          </reporter-output>
        </test-method> <!-- titleVerifiction -->
      </class> <!-- TestNGpackage.SoftAssertion -->
    </test> <!-- Default test -->
  </suite> <!-- Default suite -->
</testng-results>
